# JRE version: OpenJDK Runtime Environment Temurin-11.0.12+7 (11.0.12+7) (build 11.0.12+7)
# Java VM: OpenJDK 64-Bit Server VM Temurin-11.0.12+7 (11.0.12+7, mixed mode, tiered, compressed oops, g1 gc, windows-amd64)
Heap:
 garbage-first heap   total 624640K, used 189698K [0x0000000604400000, 0x0000000800000000)
  region size 2048K, 86 young (176128K), 4 survivors (8192K)
 Metaspace       used 30388K, capacity 30753K, committed 31104K, reserved 1077248K
  class space    used 3226K, capacity 3356K, committed 3456K, reserved 1048576K
GC Heap History (14 events):
Event: 0.459 GC heap before
{Heap before GC invocations=0 (full 0):
 garbage-first heap   total 520192K, used 22528K [0x0000000604400000, 0x0000000800000000)
  region size 2048K, 12 young (24576K), 0 survivors (0K)
 Metaspace       used 9789K, capacity 9913K, committed 9984K, reserved 1058816K
  class space    used 906K, capacity 959K, committed 1024K, reserved 1048576K
}
Event: 0.463 GC heap after
{Heap after GC invocations=1 (full 0):
 garbage-first heap   total 520192K, used 6470K [0x0000000604400000, 0x0000000800000000)
  region size 2048K, 2 young (4096K), 2 survivors (4096K)
 Metaspace       used 9789K, capacity 9913K, committed 9984K, reserved 1058816K
  class space    used 906K, capacity 959K, committed 1024K, reserved 1048576K
}
Event: 0.694 GC heap before
{Heap before GC invocations=1 (full 0):
 garbage-first heap   total 520192K, used 28998K [0x0000000604400000, 0x0000000800000000)
  region size 2048K, 13 young (26624K), 2 survivors (4096K)
 Metaspace       used 12456K, capacity 12670K, committed 12800K, reserved 1060864K
  class space    used 1198K, capacity 1258K, committed 1280K, reserved 1048576K
}
Event: 0.697 GC heap after
{Heap after GC invocations=2 (full 0):
 garbage-first heap   total 520192K, used 10178K [0x0000000604400000, 0x0000000800000000)
  region size 2048K, 2 young (4096K), 2 survivors (4096K)
 Metaspace       used 12456K, capacity 12670K, committed 12800K, reserved 1060864K
  class space    used 1198K, capacity 1258K, committed 1280K, reserved 1048576K
}
Event: 1.094 GC heap before
{Heap before GC invocations=2 (full 0):
 garbage-first heap   total 520192K, used 51138K [0x0000000604400000, 0x0000000800000000)
  region size 2048K, 23 young (47104K), 2 survivors (4096K)
 Metaspace       used 17763K, capacity 17938K, committed 18176K, reserved 1064960K
  class space    used 1969K, capacity 2046K, committed 2048K, reserved 1048576K
}
Event: 1.099 GC heap after
{Heap after GC invocations=3 (full 0):
 garbage-first heap   total 520192K, used 15976K [0x0000000604400000, 0x0000000800000000)
  region size 2048K, 3 young (6144K), 3 survivors (6144K)
 Metaspace       used 17763K, capacity 17938K, committed 18176K, reserved 1064960K
  class space    used 1969K, capacity 2046K, committed 2048K, reserved 1048576K
}
Event: 1.331 GC heap before
{Heap before GC invocations=3 (full 0):
 garbage-first heap   total 520192K, used 32360K [0x0000000604400000, 0x0000000800000000)
  region size 2048K, 12 young (24576K), 3 survivors (6144K)
 Metaspace       used 20963K, capacity 21124K, committed 21248K, reserved 1069056K
  class space    used 2408K, capacity 2465K, committed 2560K, reserved 1048576K
}
Event: 1.337 GC heap after
{Heap after GC invocations=4 (full 0):
 garbage-first heap   total 520192K, used 18222K [0x0000000604400000, 0x0000000800000000)
  region size 2048K, 2 young (4096K), 2 survivors (4096K)
 Metaspace       used 20963K, capacity 21124K, committed 21248K, reserved 1069056K
  class space    used 2408K, capacity 2465K, committed 2560K, reserved 1048576K
}
Event: 2.320 GC heap before
{Heap before GC invocations=5 (full 0):
 garbage-first heap   total 520192K, used 85806K [0x0000000604400000, 0x0000000800000000)
  region size 2048K, 35 young (71680K), 2 survivors (4096K)
 Metaspace       used 25574K, capacity 25853K, committed 26112K, reserved 1073152K
  class space    used 2893K, capacity 2986K, committed 3072K, reserved 1048576K
}
Event: 2.328 GC heap after
{Heap after GC invocations=6 (full 0):
 garbage-first heap   total 624640K, used 22378K [0x0000000604400000, 0x0000000800000000)
  region size 2048K, 4 young (8192K), 4 survivors (8192K)
 Metaspace       used 25574K, capacity 25853K, committed 26112K, reserved 1073152K
  class space    used 2893K, capacity 2986K, committed 3072K, reserved 1048576K
}
Event: 13.206 GC heap before
{Heap before GC invocations=6 (full 0):
 garbage-first heap   total 624640K, used 388970K [0x0000000604400000, 0x0000000800000000)
  region size 2048K, 183 young (374784K), 4 survivors (8192K)
 Metaspace       used 29641K, capacity 29928K, committed 30208K, reserved 1077248K
  class space    used 3171K, capacity 3277K, committed 3328K, reserved 1048576K
}
Event: 13.211 GC heap after
{Heap after GC invocations=7 (full 0):
 garbage-first heap   total 624640K, used 23666K [0x0000000604400000, 0x0000000800000000)
  region size 2048K, 4 young (8192K), 4 survivors (8192K)
 Metaspace       used 29641K, capacity 29928K, committed 30208K, reserved 1077248K
  class space    used 3171K, capacity 3277K, committed 3328K, reserved 1048576K
}
Event: 22.541 GC heap before
{Heap before GC invocations=7 (full 0):
 garbage-first heap   total 624640K, used 390258K [0x0000000604400000, 0x0000000800000000)
  region size 2048K, 183 young (374784K), 4 survivors (8192K)
 Metaspace       used 29814K, capacity 30138K, committed 30464K, reserved 1077248K
  class space    used 3174K, capacity 3281K, committed 3328K, reserved 1048576K
}
Event: 22.545 GC heap after
{Heap after GC invocations=8 (full 0):
 garbage-first heap   total 624640K, used 23810K [0x0000000604400000, 0x0000000800000000)
  region size 2048K, 4 young (8192K), 4 survivors (8192K)
 Metaspace       used 29814K, capacity 30138K, committed 30464K, reserved 1077248K
  class space    used 3174K, capacity 3281K, committed 3328K, reserved 1048576K
}

