# JRE version: OpenJDK Runtime Environment Temurin-11.0.12+7 (11.0.12+7) (build 11.0.12+7)
# Java VM: OpenJDK 64-Bit Server VM Temurin-11.0.12+7 (11.0.12+7, mixed mode, tiered, compressed oops, g1 gc, windows-amd64)
Heap:
 garbage-first heap   total 624640K, used 136355K [0x000000042d800000, 0x0000000629400000)
  region size 2048K, 60 young (122880K), 4 survivors (8192K)
 Metaspace       used 29892K, capacity 30239K, committed 30464K, reserved 1077248K
  class space    used 3179K, capacity 3288K, committed 3328K, reserved 1048576K
GC Heap History (20 events):
Event: 1.104 GC heap before
{Heap before GC invocations=3 (full 0):
 garbage-first heap   total 520192K, used 32511K [0x000000042d800000, 0x0000000629400000)
  region size 2048K, 11 young (22528K), 2 survivors (4096K)
 Metaspace       used 20963K, capacity 21124K, committed 21248K, reserved 1069056K
  class space    used 2406K, capacity 2465K, committed 2560K, reserved 1048576K
}
Event: 1.109 GC heap after
{Heap after GC invocations=4 (full 0):
 garbage-first heap   total 520192K, used 17782K [0x000000042d800000, 0x0000000629400000)
  region size 2048K, 3 young (6144K), 3 survivors (6144K)
 Metaspace       used 20963K, capacity 21124K, committed 21248K, reserved 1069056K
  class space    used 2406K, capacity 2465K, committed 2560K, reserved 1048576K
}
Event: 2.133 GC heap before
{Heap before GC invocations=5 (full 0):
 garbage-first heap   total 520192K, used 107894K [0x000000042d800000, 0x0000000629400000)
  region size 2048K, 47 young (96256K), 3 survivors (6144K)
 Metaspace       used 25904K, capacity 26246K, committed 26368K, reserved 1073152K
  class space    used 2915K, capacity 3002K, committed 3072K, reserved 1048576K
}
Event: 2.142 GC heap after
{Heap after GC invocations=6 (full 0):
 garbage-first heap   total 624640K, used 22612K [0x000000042d800000, 0x0000000629400000)
  region size 2048K, 5 young (10240K), 5 survivors (10240K)
 Metaspace       used 25904K, capacity 26246K, committed 26368K, reserved 1073152K
  class space    used 2915K, capacity 3002K, committed 3072K, reserved 1048576K
}
Event: 5.315 GC heap before
{Heap before GC invocations=6 (full 0):
 garbage-first heap   total 624640K, used 145492K [0x000000042d800000, 0x0000000629400000)
  region size 2048K, 65 young (133120K), 5 survivors (10240K)
 Metaspace       used 29383K, capacity 29722K, committed 29952K, reserved 1075200K
  class space    used 3165K, capacity 3274K, committed 3328K, reserved 1048576K
}
Event: 5.321 GC heap after
{Heap after GC invocations=7 (full 0):
 garbage-first heap   total 624640K, used 23517K [0x000000042d800000, 0x0000000629400000)
  region size 2048K, 4 young (8192K), 4 survivors (8192K)
 Metaspace       used 29383K, capacity 29722K, committed 29952K, reserved 1075200K
  class space    used 3165K, capacity 3274K, committed 3328K, reserved 1048576K
}
Event: 8.764 GC heap before
{Heap before GC invocations=7 (full 0):
 garbage-first heap   total 624640K, used 193501K [0x000000042d800000, 0x0000000629400000)
  region size 2048K, 87 young (178176K), 4 survivors (8192K)
 Metaspace       used 29437K, capacity 29788K, committed 29952K, reserved 1075200K
  class space    used 3165K, capacity 3274K, committed 3328K, reserved 1048576K
}
Event: 8.768 GC heap after
{Heap after GC invocations=8 (full 0):
 garbage-first heap   total 624640K, used 23722K [0x000000042d800000, 0x0000000629400000)
  region size 2048K, 4 young (8192K), 4 survivors (8192K)
 Metaspace       used 29437K, capacity 29788K, committed 29952K, reserved 1075200K
  class space    used 3165K, capacity 3274K, committed 3328K, reserved 1048576K
}
Event: 13.898 GC heap before
{Heap before GC invocations=8 (full 0):
 garbage-first heap   total 624640K, used 275626K [0x000000042d800000, 0x0000000629400000)
  region size 2048K, 127 young (260096K), 4 survivors (8192K)
 Metaspace       used 29490K, capacity 29852K, committed 30208K, reserved 1077248K
  class space    used 3165K, capacity 3274K, committed 3328K, reserved 1048576K
}
Event: 13.904 GC heap after
{Heap after GC invocations=9 (full 0):
 garbage-first heap   total 624640K, used 23337K [0x000000042d800000, 0x0000000629400000)
  region size 2048K, 4 young (8192K), 4 survivors (8192K)
 Metaspace       used 29490K, capacity 29852K, committed 30208K, reserved 1077248K
  class space    used 3165K, capacity 3274K, committed 3328K, reserved 1048576K
}
Event: 24.246 GC heap before
{Heap before GC invocations=9 (full 0):
 garbage-first heap   total 624640K, used 371497K [0x000000042d800000, 0x0000000629400000)
  region size 2048K, 174 young (356352K), 4 survivors (8192K)
 Metaspace       used 29575K, capacity 29928K, committed 30208K, reserved 1077248K
  class space    used 3168K, capacity 3277K, committed 3328K, reserved 1048576K
}
Event: 24.253 GC heap after
{Heap after GC invocations=10 (full 0):
 garbage-first heap   total 624640K, used 23568K [0x000000042d800000, 0x0000000629400000)
  region size 2048K, 4 young (8192K), 4 survivors (8192K)
 Metaspace       used 29575K, capacity 29928K, committed 30208K, reserved 1077248K
  class space    used 3168K, capacity 3277K, committed 3328K, reserved 1048576K
}
Event: 33.779 GC heap before
{Heap before GC invocations=10 (full 0):
 garbage-first heap   total 624640K, used 390160K [0x000000042d800000, 0x0000000629400000)
  region size 2048K, 183 young (374784K), 4 survivors (8192K)
 Metaspace       used 29735K, capacity 30074K, committed 30208K, reserved 1077248K
  class space    used 3172K, capacity 3281K, committed 3328K, reserved 1048576K
}
Event: 33.786 GC heap after
{Heap after GC invocations=11 (full 0):
 garbage-first heap   total 624640K, used 23678K [0x000000042d800000, 0x0000000629400000)
  region size 2048K, 4 young (8192K), 4 survivors (8192K)
 Metaspace       used 29735K, capacity 30074K, committed 30208K, reserved 1077248K
  class space    used 3172K, capacity 3281K, committed 3328K, reserved 1048576K
}
Event: 40.187 GC heap before
{Heap before GC invocations=11 (full 0):
 garbage-first heap   total 624640K, used 390270K [0x000000042d800000, 0x0000000629400000)
  region size 2048K, 183 young (374784K), 4 survivors (8192K)
 Metaspace       used 29804K, capacity 30173K, committed 30464K, reserved 1077248K
  class space    used 3177K, capacity 3288K, committed 3328K, reserved 1048576K
}
Event: 40.192 GC heap after
{Heap after GC invocations=12 (full 0):
 garbage-first heap   total 624640K, used 23779K [0x000000042d800000, 0x0000000629400000)
  region size 2048K, 4 young (8192K), 4 survivors (8192K)
 Metaspace       used 29804K, capacity 30173K, committed 30464K, reserved 1077248K
  class space    used 3177K, capacity 3288K, committed 3328K, reserved 1048576K
}
Event: 48.436 GC heap before
{Heap before GC invocations=12 (full 0):
 garbage-first heap   total 624640K, used 390371K [0x000000042d800000, 0x0000000629400000)
  region size 2048K, 183 young (374784K), 4 survivors (8192K)
 Metaspace       used 29845K, capacity 30238K, committed 30464K, reserved 1077248K
  class space    used 3177K, capacity 3288K, committed 3328K, reserved 1048576K
}
Event: 48.441 GC heap after
{Heap after GC invocations=13 (full 0):
 garbage-first heap   total 624640K, used 23807K [0x000000042d800000, 0x0000000629400000)
  region size 2048K, 4 young (8192K), 4 survivors (8192K)
 Metaspace       used 29845K, capacity 30238K, committed 30464K, reserved 1077248K
  class space    used 3177K, capacity 3288K, committed 3328K, reserved 1048576K
}
Event: 63.709 GC heap before
{Heap before GC invocations=13 (full 0):
 garbage-first heap   total 624640K, used 390399K [0x000000042d800000, 0x0000000629400000)
  region size 2048K, 183 young (374784K), 4 survivors (8192K)
 Metaspace       used 29871K, capacity 30239K, committed 30464K, reserved 1077248K
  class space    used 3177K, capacity 3288K, committed 3328K, reserved 1048576K
}
Event: 63.714 GC heap after
{Heap after GC invocations=14 (full 0):
 garbage-first heap   total 624640K, used 23715K [0x000000042d800000, 0x0000000629400000)
  region size 2048K, 4 young (8192K), 4 survivors (8192K)
 Metaspace       used 29871K, capacity 30239K, committed 30464K, reserved 1077248K
  class space    used 3177K, capacity 3288K, committed 3328K, reserved 1048576K
}

