# JRE version: OpenJDK Runtime Environment Temurin-11.0.12+7 (11.0.12+7) (build 11.0.12+7)
# Java VM: OpenJDK 64-Bit Server VM Temurin-11.0.12+7 (11.0.12+7, mixed mode, tiered, compressed oops, g1 gc, windows-amd64)
Heap:
 garbage-first heap   total 624640K, used 296483K [0x0000000604400000, 0x0000000800000000)
  region size 2048K, 140 young (286720K), 6 survivors (12288K)
 Metaspace       used 30260K, capacity 30593K, committed 30720K, reserved 1077248K
  class space    used 3215K, capacity 3324K, committed 3328K, reserved 1048576K
GC Heap History (14 events):
Event: 0.369 GC heap before
{Heap before GC invocations=0 (full 0):
 garbage-first heap   total 520192K, used 22528K [0x0000000604400000, 0x0000000800000000)
  region size 2048K, 12 young (24576K), 0 survivors (0K)
 Metaspace       used 9792K, capacity 9913K, committed 9984K, reserved 1058816K
  class space    used 906K, capacity 959K, committed 1024K, reserved 1048576K
}
Event: 0.373 GC heap after
{Heap after GC invocations=1 (full 0):
 garbage-first heap   total 520192K, used 6525K [0x0000000604400000, 0x0000000800000000)
  region size 2048K, 2 young (4096K), 2 survivors (4096K)
 Metaspace       used 9792K, capacity 9913K, committed 9984K, reserved 1058816K
  class space    used 906K, capacity 959K, committed 1024K, reserved 1048576K
}
Event: 0.601 GC heap before
{Heap before GC invocations=1 (full 0):
 garbage-first heap   total 520192K, used 33149K [0x0000000604400000, 0x0000000800000000)
  region size 2048K, 16 young (32768K), 2 survivors (4096K)
 Metaspace       used 13197K, capacity 13310K, committed 13440K, reserved 1060864K
  class space    used 1342K, capacity 1386K, committed 1408K, reserved 1048576K
}
Event: 0.606 GC heap after
{Heap after GC invocations=2 (full 0):
 garbage-first heap   total 520192K, used 13420K [0x0000000604400000, 0x0000000800000000)
  region size 2048K, 2 young (4096K), 2 survivors (4096K)
 Metaspace       used 13197K, capacity 13310K, committed 13440K, reserved 1060864K
  class space    used 1342K, capacity 1386K, committed 1408K, reserved 1048576K
}
Event: 0.910 GC heap before
{Heap before GC invocations=2 (full 0):
 garbage-first heap   total 520192K, used 50284K [0x0000000604400000, 0x0000000800000000)
  region size 2048K, 21 young (43008K), 2 survivors (4096K)
 Metaspace       used 17795K, capacity 18002K, committed 18176K, reserved 1064960K
  class space    used 1971K, capacity 2046K, committed 2048K, reserved 1048576K
}
Event: 0.914 GC heap after
{Heap after GC invocations=3 (full 0):
 garbage-first heap   total 520192K, used 16508K [0x0000000604400000, 0x0000000800000000)
  region size 2048K, 3 young (6144K), 3 survivors (6144K)
 Metaspace       used 17795K, capacity 18002K, committed 18176K, reserved 1064960K
  class space    used 1971K, capacity 2046K, committed 2048K, reserved 1048576K
}
Event: 1.103 GC heap before
{Heap before GC invocations=3 (full 0):
 garbage-first heap   total 520192K, used 30844K [0x0000000604400000, 0x0000000800000000)
  region size 2048K, 11 young (22528K), 3 survivors (6144K)
 Metaspace       used 20973K, capacity 21124K, committed 21248K, reserved 1069056K
  class space    used 2412K, capacity 2465K, committed 2560K, reserved 1048576K
}
Event: 1.107 GC heap after
{Heap after GC invocations=4 (full 0):
 garbage-first heap   total 520192K, used 17806K [0x0000000604400000, 0x0000000800000000)
  region size 2048K, 3 young (6144K), 3 survivors (6144K)
 Metaspace       used 20973K, capacity 21124K, committed 21248K, reserved 1069056K
  class space    used 2412K, capacity 2465K, committed 2560K, reserved 1048576K
}
Event: 3.274 GC heap before
{Heap before GC invocations=5 (full 0):
 garbage-first heap   total 520192K, used 159118K [0x0000000604400000, 0x0000000800000000)
  region size 2048K, 72 young (147456K), 3 survivors (6144K)
 Metaspace       used 29364K, capacity 29722K, committed 29952K, reserved 1075200K
  class space    used 3168K, capacity 3274K, committed 3328K, reserved 1048576K
}
Event: 3.283 GC heap after
{Heap after GC invocations=6 (full 0):
 garbage-first heap   total 624640K, used 23466K [0x0000000604400000, 0x0000000800000000)
  region size 2048K, 6 young (12288K), 6 survivors (12288K)
 Metaspace       used 29364K, capacity 29722K, committed 29952K, reserved 1075200K
  class space    used 3168K, capacity 3274K, committed 3328K, reserved 1048576K
}
Event: 11.630 GC heap before
{Heap before GC invocations=6 (full 0):
 garbage-first heap   total 624640K, used 201642K [0x0000000604400000, 0x0000000800000000)
  region size 2048K, 93 young (190464K), 6 survivors (12288K)
 Metaspace       used 29702K, capacity 30067K, committed 30208K, reserved 1077248K
  class space    used 3173K, capacity 3280K, committed 3328K, reserved 1048576K
}
Event: 11.635 GC heap after
{Heap after GC invocations=7 (full 0):
 garbage-first heap   total 624640K, used 24165K [0x0000000604400000, 0x0000000800000000)
  region size 2048K, 6 young (12288K), 6 survivors (12288K)
 Metaspace       used 29702K, capacity 30067K, committed 30208K, reserved 1077248K
  class space    used 3173K, capacity 3280K, committed 3328K, reserved 1048576K
}
Event: 17.253 GC heap before
{Heap before GC invocations=7 (full 0):
 garbage-first heap   total 624640K, used 331365K [0x0000000604400000, 0x0000000800000000)
  region size 2048K, 156 young (319488K), 6 survivors (12288K)
 Metaspace       used 29752K, capacity 30074K, committed 30208K, reserved 1077248K
  class space    used 3174K, capacity 3281K, committed 3328K, reserved 1048576K
}
Event: 17.259 GC heap after
{Heap after GC invocations=8 (full 0):
 garbage-first heap   total 624640K, used 24099K [0x0000000604400000, 0x0000000800000000)
  region size 2048K, 6 young (12288K), 6 survivors (12288K)
 Metaspace       used 29752K, capacity 30074K, committed 30208K, reserved 1077248K
  class space    used 3174K, capacity 3281K, committed 3328K, reserved 1048576K
}

