# JRE version: OpenJDK Runtime Environment Temurin-11.0.12+7 (11.0.12+7) (build 11.0.12+7)
# Java VM: OpenJDK 64-Bit Server VM Temurin-11.0.12+7 (11.0.12+7, mixed mode, tiered, compressed oops, g1 gc, windows-amd64)
Heap:
 garbage-first heap   total 624640K, used 235276K [0x0000000604400000, 0x0000000800000000)
  region size 2048K, 108 young (221184K), 4 survivors (8192K)
 Metaspace       used 29827K, capacity 30230K, committed 30464K, reserved 1077248K
  class space    used 3181K, capacity 3287K, committed 3328K, reserved 1048576K
GC Heap History (16 events):
Event: 0.371 GC heap before
{Heap before GC invocations=0 (full 0):
 garbage-first heap   total 520192K, used 22528K [0x0000000604400000, 0x0000000800000000)
  region size 2048K, 12 young (24576K), 0 survivors (0K)
 Metaspace       used 9802K, capacity 9913K, committed 9984K, reserved 1058816K
  class space    used 906K, capacity 959K, committed 1024K, reserved 1048576K
}
Event: 0.375 GC heap after
{Heap after GC invocations=1 (full 0):
 garbage-first heap   total 520192K, used 6646K [0x0000000604400000, 0x0000000800000000)
  region size 2048K, 2 young (4096K), 2 survivors (4096K)
 Metaspace       used 9802K, capacity 9913K, committed 9984K, reserved 1058816K
  class space    used 906K, capacity 959K, committed 1024K, reserved 1048576K
}
Event: 0.615 GC heap before
{Heap before GC invocations=1 (full 0):
 garbage-first heap   total 520192K, used 33270K [0x0000000604400000, 0x0000000800000000)
  region size 2048K, 16 young (32768K), 2 survivors (4096K)
 Metaspace       used 13206K, capacity 13310K, committed 13440K, reserved 1060864K
  class space    used 1342K, capacity 1386K, committed 1408K, reserved 1048576K
}
Event: 0.619 GC heap after
{Heap after GC invocations=2 (full 0):
 garbage-first heap   total 520192K, used 14021K [0x0000000604400000, 0x0000000800000000)
  region size 2048K, 2 young (4096K), 2 survivors (4096K)
 Metaspace       used 13206K, capacity 13310K, committed 13440K, reserved 1060864K
  class space    used 1342K, capacity 1386K, committed 1408K, reserved 1048576K
}
Event: 0.929 GC heap before
{Heap before GC invocations=2 (full 0):
 garbage-first heap   total 520192K, used 50885K [0x0000000604400000, 0x0000000800000000)
  region size 2048K, 21 young (43008K), 2 survivors (4096K)
 Metaspace       used 17932K, capacity 18162K, committed 18304K, reserved 1064960K
  class space    used 1994K, capacity 2078K, committed 2176K, reserved 1048576K
}
Event: 0.933 GC heap after
{Heap after GC invocations=3 (full 0):
 garbage-first heap   total 520192K, used 16992K [0x0000000604400000, 0x0000000800000000)
  region size 2048K, 2 young (4096K), 2 survivors (4096K)
 Metaspace       used 17932K, capacity 18162K, committed 18304K, reserved 1064960K
  class space    used 1994K, capacity 2078K, committed 2176K, reserved 1048576K
}
Event: 1.112 GC heap before
{Heap before GC invocations=3 (full 0):
 garbage-first heap   total 520192K, used 31328K [0x0000000604400000, 0x0000000800000000)
  region size 2048K, 10 young (20480K), 2 survivors (4096K)
 Metaspace       used 20971K, capacity 21124K, committed 21248K, reserved 1069056K
  class space    used 2408K, capacity 2465K, committed 2560K, reserved 1048576K
}
Event: 1.116 GC heap after
{Heap after GC invocations=4 (full 0):
 garbage-first heap   total 520192K, used 18429K [0x0000000604400000, 0x0000000800000000)
  region size 2048K, 3 young (6144K), 3 survivors (6144K)
 Metaspace       used 20971K, capacity 21124K, committed 21248K, reserved 1069056K
  class space    used 2408K, capacity 2465K, committed 2560K, reserved 1048576K
}
Event: 2.043 GC heap before
{Heap before GC invocations=5 (full 0):
 garbage-first heap   total 520192K, used 100349K [0x0000000604400000, 0x0000000800000000)
  region size 2048K, 43 young (88064K), 3 survivors (6144K)
 Metaspace       used 25816K, capacity 26145K, committed 26368K, reserved 1073152K
  class space    used 2905K, capacity 2994K, committed 3072K, reserved 1048576K
}
Event: 2.052 GC heap after
{Heap after GC invocations=6 (full 0):
 garbage-first heap   total 624640K, used 23177K [0x0000000604400000, 0x0000000800000000)
  region size 2048K, 5 young (10240K), 5 survivors (10240K)
 Metaspace       used 25816K, capacity 26145K, committed 26368K, reserved 1073152K
  class space    used 2905K, capacity 2994K, committed 3072K, reserved 1048576K
}
Event: 4.911 GC heap before
{Heap before GC invocations=6 (full 0):
 garbage-first heap   total 624640K, used 135817K [0x0000000604400000, 0x0000000800000000)
  region size 2048K, 60 young (122880K), 5 survivors (10240K)
 Metaspace       used 29402K, capacity 29722K, committed 29952K, reserved 1075200K
  class space    used 3168K, capacity 3274K, committed 3328K, reserved 1048576K
}
Event: 4.917 GC heap after
{Heap after GC invocations=7 (full 0):
 garbage-first heap   total 624640K, used 24459K [0x0000000604400000, 0x0000000800000000)
  region size 2048K, 4 young (8192K), 4 survivors (8192K)
 Metaspace       used 29402K, capacity 29722K, committed 29952K, reserved 1075200K
  class space    used 3168K, capacity 3274K, committed 3328K, reserved 1048576K
}
Event: 12.740 GC heap before
{Heap before GC invocations=7 (full 0):
 garbage-first heap   total 624640K, used 184203K [0x0000000604400000, 0x0000000800000000)
  region size 2048K, 82 young (167936K), 4 survivors (8192K)
 Metaspace       used 29737K, capacity 30072K, committed 30208K, reserved 1077248K
  class space    used 3175K, capacity 3281K, committed 3328K, reserved 1048576K
}
Event: 12.744 GC heap after
{Heap after GC invocations=8 (full 0):
 garbage-first heap   total 624640K, used 24418K [0x0000000604400000, 0x0000000800000000)
  region size 2048K, 4 young (8192K), 4 survivors (8192K)
 Metaspace       used 29737K, capacity 30072K, committed 30208K, reserved 1077248K
  class space    used 3175K, capacity 3281K, committed 3328K, reserved 1048576K
}
Event: 17.129 GC heap before
{Heap before GC invocations=8 (full 0):
 garbage-first heap   total 624640K, used 286562K [0x0000000604400000, 0x0000000800000000)
  region size 2048K, 132 young (270336K), 4 survivors (8192K)
 Metaspace       used 29786K, capacity 30080K, committed 30208K, reserved 1077248K
  class space    used 3176K, capacity 3282K, committed 3328K, reserved 1048576K
}
Event: 17.134 GC heap after
{Heap after GC invocations=9 (full 0):
 garbage-first heap   total 624640K, used 24332K [0x0000000604400000, 0x0000000800000000)
  region size 2048K, 4 young (8192K), 4 survivors (8192K)
 Metaspace       used 29786K, capacity 30080K, committed 30208K, reserved 1077248K
  class space    used 3176K, capacity 3282K, committed 3328K, reserved 1048576K
}

