# JRE version: OpenJDK Runtime Environment Temurin-11.0.12+7 (11.0.12+7) (build 11.0.12+7)
# Java VM: OpenJDK 64-Bit Server VM Temurin-11.0.12+7 (11.0.12+7, mixed mode, tiered, compressed oops, g1 gc, windows-amd64)
Heap:
 garbage-first heap   total 624640K, used 155360K [0x0000000604400000, 0x0000000800000000)
  region size 2048K, 71 young (145408K), 6 survivors (12288K)
 Metaspace       used 29801K, capacity 30101K, committed 30208K, reserved 1077248K
  class space    used 3178K, capacity 3287K, committed 3328K, reserved 1048576K
GC Heap History (18 events):
Event: 0.359 GC heap before
{Heap before GC invocations=0 (full 0):
 garbage-first heap   total 520192K, used 22528K [0x0000000604400000, 0x0000000800000000)
  region size 2048K, 12 young (24576K), 0 survivors (0K)
 Metaspace       used 9790K, capacity 9913K, committed 9984K, reserved 1058816K
  class space    used 906K, capacity 959K, committed 1024K, reserved 1048576K
}
Event: 0.362 GC heap after
{Heap after GC invocations=1 (full 0):
 garbage-first heap   total 520192K, used 6485K [0x0000000604400000, 0x0000000800000000)
  region size 2048K, 2 young (4096K), 2 survivors (4096K)
 Metaspace       used 9790K, capacity 9913K, committed 9984K, reserved 1058816K
  class space    used 906K, capacity 959K, committed 1024K, reserved 1048576K
}
Event: 0.590 GC heap before
{Heap before GC invocations=1 (full 0):
 garbage-first heap   total 520192K, used 33109K [0x0000000604400000, 0x0000000800000000)
  region size 2048K, 16 young (32768K), 2 survivors (4096K)
 Metaspace       used 13185K, capacity 13310K, committed 13440K, reserved 1060864K
  class space    used 1342K, capacity 1386K, committed 1408K, reserved 1048576K
}
Event: 0.595 GC heap after
{Heap after GC invocations=2 (full 0):
 garbage-first heap   total 520192K, used 13316K [0x0000000604400000, 0x0000000800000000)
  region size 2048K, 2 young (4096K), 2 survivors (4096K)
 Metaspace       used 13185K, capacity 13310K, committed 13440K, reserved 1060864K
  class space    used 1342K, capacity 1386K, committed 1408K, reserved 1048576K
}
Event: 0.897 GC heap before
{Heap before GC invocations=2 (full 0):
 garbage-first heap   total 520192K, used 50180K [0x0000000604400000, 0x0000000800000000)
  region size 2048K, 21 young (43008K), 2 survivors (4096K)
 Metaspace       used 17895K, capacity 18130K, committed 18176K, reserved 1064960K
  class space    used 1978K, capacity 2046K, committed 2048K, reserved 1048576K
}
Event: 0.900 GC heap after
{Heap after GC invocations=3 (full 0):
 garbage-first heap   total 520192K, used 16901K [0x0000000604400000, 0x0000000800000000)
  region size 2048K, 3 young (6144K), 3 survivors (6144K)
 Metaspace       used 17895K, capacity 18130K, committed 18176K, reserved 1064960K
  class space    used 1978K, capacity 2046K, committed 2048K, reserved 1048576K
}
Event: 1.088 GC heap before
{Heap before GC invocations=3 (full 0):
 garbage-first heap   total 520192K, used 31237K [0x0000000604400000, 0x0000000800000000)
  region size 2048K, 11 young (22528K), 3 survivors (6144K)
 Metaspace       used 20964K, capacity 21124K, committed 21248K, reserved 1069056K
  class space    used 2406K, capacity 2465K, committed 2560K, reserved 1048576K
}
Event: 1.093 GC heap after
{Heap after GC invocations=4 (full 0):
 garbage-first heap   total 520192K, used 18096K [0x0000000604400000, 0x0000000800000000)
  region size 2048K, 3 young (6144K), 3 survivors (6144K)
 Metaspace       used 20964K, capacity 21124K, committed 21248K, reserved 1069056K
  class space    used 2406K, capacity 2465K, committed 2560K, reserved 1048576K
}
Event: 3.952 GC heap before
{Heap before GC invocations=5 (full 0):
 garbage-first heap   total 520192K, used 163504K [0x0000000604400000, 0x0000000800000000)
  region size 2048K, 74 young (151552K), 3 survivors (6144K)
 Metaspace       used 29360K, capacity 29722K, committed 29952K, reserved 1075200K
  class space    used 3166K, capacity 3274K, committed 3328K, reserved 1048576K
}
Event: 3.961 GC heap after
{Heap after GC invocations=6 (full 0):
 garbage-first heap   total 624640K, used 23836K [0x0000000604400000, 0x0000000800000000)
  region size 2048K, 6 young (12288K), 6 survivors (12288K)
 Metaspace       used 29360K, capacity 29722K, committed 29952K, reserved 1075200K
  class space    used 3166K, capacity 3274K, committed 3328K, reserved 1048576K
}
Event: 7.702 GC heap before
{Heap before GC invocations=6 (full 0):
 garbage-first heap   total 624640K, used 206108K [0x0000000604400000, 0x0000000800000000)
  region size 2048K, 95 young (194560K), 6 survivors (12288K)
 Metaspace       used 29463K, capacity 29788K, committed 29952K, reserved 1075200K
  class space    used 3166K, capacity 3274K, committed 3328K, reserved 1048576K
}
Event: 7.707 GC heap after
{Heap after GC invocations=7 (full 0):
 garbage-first heap   total 624640K, used 24110K [0x0000000604400000, 0x0000000800000000)
  region size 2048K, 6 young (12288K), 6 survivors (12288K)
 Metaspace       used 29463K, capacity 29788K, committed 29952K, reserved 1075200K
  class space    used 3166K, capacity 3274K, committed 3328K, reserved 1048576K
}
Event: 15.052 GC heap before
{Heap before GC invocations=7 (full 0):
 garbage-first heap   total 624640K, used 374318K [0x0000000604400000, 0x0000000800000000)
  region size 2048K, 177 young (362496K), 6 survivors (12288K)
 Metaspace       used 29517K, capacity 29852K, committed 30208K, reserved 1077248K
  class space    used 3166K, capacity 3274K, committed 3328K, reserved 1048576K
}
Event: 15.057 GC heap after
{Heap after GC invocations=8 (full 0):
 garbage-first heap   total 624640K, used 23901K [0x0000000604400000, 0x0000000800000000)
  region size 2048K, 6 young (12288K), 6 survivors (12288K)
 Metaspace       used 29517K, capacity 29852K, committed 30208K, reserved 1077248K
  class space    used 3166K, capacity 3274K, committed 3328K, reserved 1048576K
}
Event: 25.471 GC heap before
{Heap before GC invocations=8 (full 0):
 garbage-first heap   total 624640K, used 386397K [0x0000000604400000, 0x0000000800000000)
  region size 2048K, 183 young (374784K), 6 survivors (12288K)
 Metaspace       used 29546K, capacity 29852K, committed 30208K, reserved 1077248K
  class space    used 3168K, capacity 3274K, committed 3328K, reserved 1048576K
}
Event: 25.479 GC heap after
{Heap after GC invocations=9 (full 0):
 garbage-first heap   total 624640K, used 24440K [0x0000000604400000, 0x0000000800000000)
  region size 2048K, 6 young (12288K), 6 survivors (12288K)
 Metaspace       used 29546K, capacity 29852K, committed 30208K, reserved 1077248K
  class space    used 3168K, capacity 3274K, committed 3328K, reserved 1048576K
}
Event: 34.048 GC heap before
{Heap before GC invocations=9 (full 0):
 garbage-first heap   total 624640K, used 386936K [0x0000000604400000, 0x0000000800000000)
  region size 2048K, 183 young (374784K), 6 survivors (12288K)
 Metaspace       used 29763K, capacity 30083K, committed 30208K, reserved 1077248K
  class space    used 3174K, capacity 3283K, committed 3328K, reserved 1048576K
}
Event: 34.055 GC heap after
{Heap after GC invocations=10 (full 0):
 garbage-first heap   total 624640K, used 24288K [0x0000000604400000, 0x0000000800000000)
  region size 2048K, 6 young (12288K), 6 survivors (12288K)
 Metaspace       used 29763K, capacity 30083K, committed 30208K, reserved 1077248K
  class space    used 3174K, capacity 3283K, committed 3328K, reserved 1048576K
}

