# JRE version: OpenJDK Runtime Environment Temurin-11.0.12+7 (11.0.12+7) (build 11.0.12+7)
# Java VM: OpenJDK 64-Bit Server VM Temurin-11.0.12+7 (11.0.12+7, mixed mode, tiered, compressed oops, g1 gc, windows-amd64)
Heap:
 garbage-first heap   total 624640K, used 48960K [0x0000000604400000, 0x0000000800000000)
  region size 2048K, 18 young (36864K), 4 survivors (8192K)
 Metaspace       used 29047K, capacity 29346K, committed 29696K, reserved 1075200K
  class space    used 3154K, capacity 3236K, committed 3328K, reserved 1048576K
GC Heap History (10 events):
Event: 0.355 GC heap before
{Heap before GC invocations=0 (full 0):
 garbage-first heap   total 520192K, used 22528K [0x0000000604400000, 0x0000000800000000)
  region size 2048K, 12 young (24576K), 0 survivors (0K)
 Metaspace       used 9789K, capacity 9913K, committed 9984K, reserved 1058816K
  class space    used 906K, capacity 959K, committed 1024K, reserved 1048576K
}
Event: 0.358 GC heap after
{Heap after GC invocations=1 (full 0):
 garbage-first heap   total 520192K, used 6491K [0x0000000604400000, 0x0000000800000000)
  region size 2048K, 2 young (4096K), 2 survivors (4096K)
 Metaspace       used 9789K, capacity 9913K, committed 9984K, reserved 1058816K
  class space    used 906K, capacity 959K, committed 1024K, reserved 1048576K
}
Event: 0.509 GC heap before
{Heap before GC invocations=1 (full 0):
 garbage-first heap   total 520192K, used 26971K [0x0000000604400000, 0x0000000800000000)
  region size 2048K, 12 young (24576K), 2 survivors (4096K)
 Metaspace       used 11395K, capacity 11552K, committed 11648K, reserved 1060864K
  class space    used 1079K, capacity 1120K, committed 1152K, reserved 1048576K
}
Event: 0.512 GC heap after
{Heap after GC invocations=2 (full 0):
 garbage-first heap   total 520192K, used 9614K [0x0000000604400000, 0x0000000800000000)
  region size 2048K, 2 young (4096K), 2 survivors (4096K)
 Metaspace       used 11395K, capacity 11552K, committed 11648K, reserved 1060864K
  class space    used 1079K, capacity 1120K, committed 1152K, reserved 1048576K
}
Event: 0.848 GC heap before
{Heap before GC invocations=2 (full 0):
 garbage-first heap   total 520192K, used 50574K [0x0000000604400000, 0x0000000800000000)
  region size 2048K, 23 young (47104K), 2 survivors (4096K)
 Metaspace       used 17507K, capacity 17708K, committed 17920K, reserved 1064960K
  class space    used 1930K, capacity 2013K, committed 2048K, reserved 1048576K
}
Event: 0.853 GC heap after
{Heap after GC invocations=3 (full 0):
 garbage-first heap   total 520192K, used 15538K [0x0000000604400000, 0x0000000800000000)
  region size 2048K, 3 young (6144K), 3 survivors (6144K)
 Metaspace       used 17507K, capacity 17708K, committed 17920K, reserved 1064960K
  class space    used 1930K, capacity 2013K, committed 2048K, reserved 1048576K
}
Event: 1.073 GC heap before
{Heap before GC invocations=3 (full 0):
 garbage-first heap   total 520192K, used 33970K [0x0000000604400000, 0x0000000800000000)
  region size 2048K, 13 young (26624K), 3 survivors (6144K)
 Metaspace       used 20954K, capacity 21124K, committed 21248K, reserved 1069056K
  class space    used 2406K, capacity 2465K, committed 2560K, reserved 1048576K
}
Event: 1.079 GC heap after
{Heap after GC invocations=4 (full 0):
 garbage-first heap   total 520192K, used 18158K [0x0000000604400000, 0x0000000800000000)
  region size 2048K, 4 young (8192K), 4 survivors (8192K)
 Metaspace       used 20954K, capacity 21124K, committed 21248K, reserved 1069056K
  class space    used 2406K, capacity 2465K, committed 2560K, reserved 1048576K
}
Event: 1.856 GC heap before
{Heap before GC invocations=5 (full 0):
 garbage-first heap   total 520192K, used 83694K [0x0000000604400000, 0x0000000800000000)
  region size 2048K, 36 young (73728K), 4 survivors (8192K)
 Metaspace       used 25671K, capacity 26011K, committed 26112K, reserved 1073152K
  class space    used 2900K, capacity 2993K, committed 3072K, reserved 1048576K
}
Event: 1.865 GC heap after
{Heap after GC invocations=6 (full 0):
 garbage-first heap   total 624640K, used 22336K [0x0000000604400000, 0x0000000800000000)
  region size 2048K, 4 young (8192K), 4 survivors (8192K)
 Metaspace       used 25671K, capacity 26011K, committed 26112K, reserved 1073152K
  class space    used 2900K, capacity 2993K, committed 3072K, reserved 1048576K
}

