# JRE version: OpenJDK Runtime Environment Temurin-11.0.12+7 (11.0.12+7) (build 11.0.12+7)
# Java VM: OpenJDK 64-Bit Server VM Temurin-11.0.12+7 (11.0.12+7, mixed mode, tiered, compressed oops, g1 gc, windows-amd64)
Heap:
 garbage-first heap   total 624640K, used 247528K [0x0000000604400000, 0x0000000800000000)
  region size 2048K, 114 young (233472K), 4 survivors (8192K)
 Metaspace       used 30390K, capacity 30759K, committed 31104K, reserved 1077248K
  class space    used 3227K, capacity 3357K, committed 3456K, reserved 1048576K
GC Heap History (20 events):
Event: 0.444 GC heap before
{Heap before GC invocations=0 (full 0):
 garbage-first heap   total 520192K, used 22528K [0x0000000604400000, 0x0000000800000000)
  region size 2048K, 12 young (24576K), 0 survivors (0K)
 Metaspace       used 9789K, capacity 9913K, committed 9984K, reserved 1058816K
  class space    used 906K, capacity 959K, committed 1024K, reserved 1048576K
}
Event: 0.448 GC heap after
{Heap after GC invocations=1 (full 0):
 garbage-first heap   total 520192K, used 6678K [0x0000000604400000, 0x0000000800000000)
  region size 2048K, 2 young (4096K), 2 survivors (4096K)
 Metaspace       used 9789K, capacity 9913K, committed 9984K, reserved 1058816K
  class space    used 906K, capacity 959K, committed 1024K, reserved 1048576K
}
Event: 0.682 GC heap before
{Heap before GC invocations=1 (full 0):
 garbage-first heap   total 520192K, used 29206K [0x0000000604400000, 0x0000000800000000)
  region size 2048K, 13 young (26624K), 2 survivors (4096K)
 Metaspace       used 12458K, capacity 12670K, committed 12800K, reserved 1060864K
  class space    used 1198K, capacity 1258K, committed 1280K, reserved 1048576K
}
Event: 0.684 GC heap after
{Heap after GC invocations=2 (full 0):
 garbage-first heap   total 520192K, used 10298K [0x0000000604400000, 0x0000000800000000)
  region size 2048K, 2 young (4096K), 2 survivors (4096K)
 Metaspace       used 12458K, capacity 12670K, committed 12800K, reserved 1060864K
  class space    used 1198K, capacity 1258K, committed 1280K, reserved 1048576K
}
Event: 1.160 GC heap before
{Heap before GC invocations=2 (full 0):
 garbage-first heap   total 520192K, used 53306K [0x0000000604400000, 0x0000000800000000)
  region size 2048K, 24 young (49152K), 2 survivors (4096K)
 Metaspace       used 18101K, capacity 18296K, committed 18560K, reserved 1064960K
  class space    used 2017K, capacity 2079K, committed 2176K, reserved 1048576K
}
Event: 1.165 GC heap after
{Heap after GC invocations=3 (full 0):
 garbage-first heap   total 520192K, used 16290K [0x0000000604400000, 0x0000000800000000)
  region size 2048K, 3 young (6144K), 3 survivors (6144K)
 Metaspace       used 18101K, capacity 18296K, committed 18560K, reserved 1064960K
  class space    used 2017K, capacity 2079K, committed 2176K, reserved 1048576K
}
Event: 1.384 GC heap before
{Heap before GC invocations=3 (full 0):
 garbage-first heap   total 520192K, used 30626K [0x0000000604400000, 0x0000000800000000)
  region size 2048K, 11 young (22528K), 3 survivors (6144K)
 Metaspace       used 20962K, capacity 21124K, committed 21248K, reserved 1069056K
  class space    used 2410K, capacity 2465K, committed 2560K, reserved 1048576K
}
Event: 1.391 GC heap after
{Heap after GC invocations=4 (full 0):
 garbage-first heap   total 520192K, used 18390K [0x0000000604400000, 0x0000000800000000)
  region size 2048K, 1 young (2048K), 1 survivors (2048K)
 Metaspace       used 20962K, capacity 21124K, committed 21248K, reserved 1069056K
  class space    used 2410K, capacity 2465K, committed 2560K, reserved 1048576K
}
Event: 2.366 GC heap before
{Heap before GC invocations=5 (full 0):
 garbage-first heap   total 520192K, used 83926K [0x0000000604400000, 0x0000000800000000)
  region size 2048K, 33 young (67584K), 1 survivors (2048K)
 Metaspace       used 25527K, capacity 25856K, committed 26112K, reserved 1073152K
  class space    used 2893K, capacity 2986K, committed 3072K, reserved 1048576K
}
Event: 2.376 GC heap after
{Heap after GC invocations=6 (full 0):
 garbage-first heap   total 624640K, used 22486K [0x0000000604400000, 0x0000000800000000)
  region size 2048K, 3 young (6144K), 3 survivors (6144K)
 Metaspace       used 25527K, capacity 25856K, committed 26112K, reserved 1073152K
  class space    used 2893K, capacity 2986K, committed 3072K, reserved 1048576K
}
Event: 4.135 GC heap before
{Heap before GC invocations=6 (full 0):
 garbage-first heap   total 624640K, used 120790K [0x0000000604400000, 0x0000000800000000)
  region size 2048K, 51 young (104448K), 3 survivors (6144K)
 Metaspace       used 29402K, capacity 29722K, committed 29952K, reserved 1075200K
  class space    used 3167K, capacity 3274K, committed 3328K, reserved 1048576K
}
Event: 4.139 GC heap after
{Heap after GC invocations=7 (full 0):
 garbage-first heap   total 624640K, used 23836K [0x0000000604400000, 0x0000000800000000)
  region size 2048K, 4 young (8192K), 4 survivors (8192K)
 Metaspace       used 29402K, capacity 29722K, committed 29952K, reserved 1075200K
  class space    used 3167K, capacity 3274K, committed 3328K, reserved 1048576K
}
Event: 7.252 GC heap before
{Heap before GC invocations=7 (full 0):
 garbage-first heap   total 624640K, used 173340K [0x0000000604400000, 0x0000000800000000)
  region size 2048K, 77 young (157696K), 4 survivors (8192K)
 Metaspace       used 29450K, capacity 29787K, committed 29952K, reserved 1075200K
  class space    used 3167K, capacity 3274K, committed 3328K, reserved 1048576K
}
Event: 7.258 GC heap after
{Heap after GC invocations=8 (full 0):
 garbage-first heap   total 624640K, used 23803K [0x0000000604400000, 0x0000000800000000)
  region size 2048K, 4 young (8192K), 4 survivors (8192K)
 Metaspace       used 29450K, capacity 29787K, committed 29952K, reserved 1075200K
  class space    used 3167K, capacity 3274K, committed 3328K, reserved 1048576K
}
Event: 15.315 GC heap before
{Heap before GC invocations=8 (full 0):
 garbage-first heap   total 624640K, used 267515K [0x0000000604400000, 0x0000000800000000)
  region size 2048K, 123 young (251904K), 4 survivors (8192K)
 Metaspace       used 29567K, capacity 29916K, committed 30208K, reserved 1077248K
  class space    used 3169K, capacity 3274K, committed 3328K, reserved 1048576K
}
Event: 15.322 GC heap after
{Heap after GC invocations=9 (full 0):
 garbage-first heap   total 624640K, used 23925K [0x0000000604400000, 0x0000000800000000)
  region size 2048K, 4 young (8192K), 4 survivors (8192K)
 Metaspace       used 29567K, capacity 29916K, committed 30208K, reserved 1077248K
  class space    used 3169K, capacity 3274K, committed 3328K, reserved 1048576K
}
Event: 23.452 GC heap before
{Heap before GC invocations=9 (full 0):
 garbage-first heap   total 624640K, used 357749K [0x0000000604400000, 0x0000000800000000)
  region size 2048K, 167 young (342016K), 4 survivors (8192K)
 Metaspace       used 29785K, capacity 30083K, committed 30208K, reserved 1077248K
  class space    used 3175K, capacity 3283K, committed 3328K, reserved 1048576K
}
Event: 23.458 GC heap after
{Heap after GC invocations=10 (full 0):
 garbage-first heap   total 624640K, used 24140K [0x0000000604400000, 0x0000000800000000)
  region size 2048K, 4 young (8192K), 4 survivors (8192K)
 Metaspace       used 29785K, capacity 30083K, committed 30208K, reserved 1077248K
  class space    used 3175K, capacity 3283K, committed 3328K, reserved 1048576K
}
Event: 31.234 GC heap before
{Heap before GC invocations=10 (full 0):
 garbage-first heap   total 624640K, used 390732K [0x0000000604400000, 0x0000000800000000)
  region size 2048K, 183 young (374784K), 4 survivors (8192K)
 Metaspace       used 30268K, capacity 30592K, committed 30720K, reserved 1077248K
  class space    used 3212K, capacity 3324K, committed 3328K, reserved 1048576K
}
Event: 31.239 GC heap after
{Heap after GC invocations=11 (full 0):
 garbage-first heap   total 624640K, used 24296K [0x0000000604400000, 0x0000000800000000)
  region size 2048K, 4 young (8192K), 4 survivors (8192K)
 Metaspace       used 30268K, capacity 30592K, committed 30720K, reserved 1077248K
  class space    used 3212K, capacity 3324K, committed 3328K, reserved 1048576K
}

